[debug] [2019-10-04T03:05:52.922Z] ----------------------------------------------------------------------
[debug] [2019-10-04T03:05:52.924Z] Command:       /Users/georgge/.nvm/versions/node/v8.16.1/bin/node /Users/georgge/.nvm/versions/node/v8.16.1/bin/firebase deploy
[debug] [2019-10-04T03:05:52.924Z] CLI Version:   7.4.0
[debug] [2019-10-04T03:05:52.924Z] Platform:      darwin
[debug] [2019-10-04T03:05:52.924Z] Node Version:  v8.16.1
[debug] [2019-10-04T03:05:52.925Z] Time:          Thu Oct 03 2019 22:05:52 GMT-0500 (CDT)
[debug] [2019-10-04T03:05:52.925Z] ----------------------------------------------------------------------
[debug] 
[debug] [2019-10-04T03:05:52.935Z] > command requires scopes: ["email","openid","https://www.googleapis.com/auth/cloudplatformprojects.readonly","https://www.googleapis.com/auth/firebase","https://www.googleapis.com/auth/cloud-platform"]
[debug] [2019-10-04T03:05:52.935Z] > authorizing via signed-in user
[debug] [2019-10-04T03:05:52.935Z] [iam] checking project amgweb for permissions ["firebase.projects.get","firebasehosting.sites.update"]
[debug] [2019-10-04T03:05:52.937Z] > refreshing access token with scopes: ["email","https://www.googleapis.com/auth/cloud-platform","https://www.googleapis.com/auth/cloudplatformprojects.readonly","https://www.googleapis.com/auth/firebase","openid"]
[debug] [2019-10-04T03:05:52.937Z] >>> HTTP REQUEST POST https://www.googleapis.com/oauth2/v3/token  
 <request body omitted>
[debug] [2019-10-04T03:05:53.288Z] <<< HTTP RESPONSE 200
[debug] [2019-10-04T03:05:53.300Z] >>> HTTP REQUEST POST https://cloudresourcemanager.googleapis.com/v1/projects/amgweb:testIamPermissions  

[debug] [2019-10-04T03:05:53.696Z] <<< HTTP RESPONSE 200
[debug] [2019-10-04T03:05:53.698Z] >>> HTTP REQUEST GET https://firebase.googleapis.com/v1beta1/projects/amgweb  
 
[debug] [2019-10-04T03:05:54.313Z] <<< HTTP RESPONSE 200
[info] 
[info] === Deploying to 'amgweb'...
[info] 
[info] i  deploying hosting
[debug] [2019-10-04T03:05:54.321Z] >>> HTTP REQUEST POST https://firebasehosting.googleapis.com/v1beta1/sites/amgweb/versions  

[debug] [2019-10-04T03:05:55.340Z] <<< HTTP RESPONSE 200
[info] i  hosting[amgweb]: beginning deploy...
[info] i  hosting[amgweb]: found 53 files in build
[debug] [2019-10-04T03:05:55.357Z] [hosting] hash cache [YnVpbGQ] load error: lines is not defined
[debug] [2019-10-04T03:05:56.355Z] [hosting] hash cache [YnVpbGQ] stored for 53 files
[debug] [2019-10-04T03:05:56.355Z] [hosting][hash queue][FINAL]
[debug] [2019-10-04T03:05:56.355Z] >>> HTTP REQUEST POST https://firebasehosting.googleapis.com/v1beta1/sites/amgweb/versions/885a1b7fb362fffd:populateFiles  
 <request body omitted>
[debug] [2019-10-04T03:05:57.641Z] <<< HTTP RESPONSE 200
[debug] [2019-10-04T03:05:57.649Z] [hosting][populate queue][FINAL]
[debug] [2019-10-04T03:05:57.649Z] [hosting] uploads queued: 10
